This file contains any messages produced by compilers while
running configure, to aid debugging if configure makes a mistake.

It was created by heat configure 1.12, which was
generated by GNU Autoconf 2.68.  Invocation command line was

  $ ./configure --disable-option-checking --prefix=/usr/local --cache-file=/dev/null --srcdir=. --no-create --no-recursion

## --------- ##
## Platform. ##
## --------- ##

hostname = JHofmanPC
uname -m = x86_64
uname -r = 3.0.0-16-generic
uname -s = Linux
uname -v = #28-Ubuntu SMP Fri Jan 27 17:44:39 UTC 2012

/usr/bin/uname -p = unknown
/bin/uname -X     = unknown

/bin/arch              = unknown
/usr/bin/arch -k       = unknown
/usr/convex/getsysinfo = unknown
/usr/bin/hostinfo      = unknown
/bin/machine           = unknown
/usr/bin/oslevel       = unknown
/bin/universe          = unknown

PATH: /usr/lib/lightdm/lightdm
PATH: /usr/local/sbin
PATH: /usr/local/bin
PATH: /usr/sbin
PATH: /usr/bin
PATH: /sbin
PATH: /bin
PATH: /usr/games


## ----------- ##
## Core tests. ##
## ----------- ##

configure:1867: checking for a BSD-compatible install
configure:1935: result: /usr/bin/install -c
configure:1946: checking whether build environment is sane
configure:1996: result: yes
configure:2137: checking for a thread-safe mkdir -p
configure:2176: result: /bin/mkdir -p
configure:2189: checking for gawk
configure:2205: found /usr/bin/gawk
configure:2216: result: gawk
configure:2227: checking whether make sets $(MAKE)
configure:2249: result: yes
configure:2367: checking for ranlib
configure:2383: found /usr/bin/ranlib
configure:2394: result: ranlib
configure:2428: checking for style of include used by make
configure:2456: result: GNU
configure:2526: checking for gcc
configure:2542: found /usr/bin/gcc
configure:2553: result: gcc
configure:2782: checking for C compiler version
configure:2791: gcc --version >&5
gcc (Ubuntu/Linaro 4.6.1-9ubuntu3) 4.6.1
Copyright (C) 2011 Free Software Foundation, Inc.
This is free software; see the source for copying conditions.  There is NO
warranty; not even for MERCHANTABILITY or FITNESS FOR A PARTICULAR PURPOSE.

configure:2802: $? = 0
configure:2791: gcc -v >&5
Using built-in specs.
COLLECT_GCC=gcc
COLLECT_LTO_WRAPPER=/usr/lib/gcc/x86_64-linux-gnu/4.6.1/lto-wrapper
Target: x86_64-linux-gnu
Configured with: ../src/configure -v --with-pkgversion='Ubuntu/Linaro 4.6.1-9ubuntu3' --with-bugurl=file:///usr/share/doc/gcc-4.6/README.Bugs --enable-languages=c,c++,fortran,objc,obj-c++,go --prefix=/usr --program-suffix=-4.6 --enable-shared --enable-linker-build-id --with-system-zlib --libexecdir=/usr/lib --without-included-gettext --enable-threads=posix --with-gxx-include-dir=/usr/include/c++/4.6 --libdir=/usr/lib --enable-nls --with-sysroot=/ --enable-clocale=gnu --enable-libstdcxx-debug --enable-libstdcxx-time=yes --enable-plugin --enable-objc-gc --disable-werror --with-arch-32=i686 --with-tune=generic --enable-checking=release --build=x86_64-linux-gnu --host=x86_64-linux-gnu --target=x86_64-linux-gnu
Thread model: posix
gcc version 4.6.1 (Ubuntu/Linaro 4.6.1-9ubuntu3) 
configure:2802: $? = 0
configure:2791: gcc -V >&5
gcc: error: unrecognized option '-V'
gcc: fatal error: no input files
compilation terminated.
configure:2802: $? = 4
configure:2791: gcc -qversion >&5
gcc: error: unrecognized option '-qversion'
gcc: fatal error: no input files
compilation terminated.
configure:2802: $? = 4
configure:2822: checking whether the C compiler works
configure:2844: gcc    conftest.c  >&5
configure:2848: $? = 0
configure:2896: result: yes
configure:2899: checking for C compiler default output file name
configure:2901: result: a.out
configure:2907: checking for suffix of executables
configure:2914: gcc -o conftest    conftest.c  >&5
configure:2918: $? = 0
configure:2940: result: 
configure:2962: checking whether we are cross compiling
configure:2970: gcc -o conftest    conftest.c  >&5
configure:2974: $? = 0
configure:2981: ./conftest
configure:2985: $? = 0
configure:3000: result: no
configure:3005: checking for suffix of object files
configure:3027: gcc -c   conftest.c >&5
configure:3031: $? = 0
configure:3052: result: o
configure:3056: checking whether we are using the GNU C compiler
configure:3075: gcc -c   conftest.c >&5
configure:3075: $? = 0
configure:3084: result: yes
configure:3093: checking whether gcc accepts -g
configure:3113: gcc -c -g  conftest.c >&5
configure:3113: $? = 0
configure:3154: result: yes
configure:3171: checking for gcc option to accept ISO C89
configure:3235: gcc  -c -g -O2  conftest.c >&5
configure:3235: $? = 0
configure:3248: result: none needed
configure:3270: checking dependency style of gcc
configure:3380: result: gcc3
configure:3395: checking for gcc option to accept ISO C99
configure:3544: gcc  -c -g -O2  conftest.c >&5
conftest.c:59:29: error: expected ';', ',' or ')' before 'text'
conftest.c: In function 'main':
conftest.c:113:18: error: expected '=', ',', ';', 'asm' or '__attribute__' before 'newvar'
conftest.c:113:18: error: 'newvar' undeclared (first use in this function)
conftest.c:113:18: note: each undeclared identifier is reported only once for each function it appears in
conftest.c:123:3: error: 'for' loop initial declarations are only allowed in C99 mode
conftest.c:123:3: note: use option -std=c99 or -std=gnu99 to compile your code
configure:3544: $? = 1
configure: failed program was:
| /* confdefs.h */
| #define PACKAGE_NAME "heat"
| #define PACKAGE_TARNAME "heat"
| #define PACKAGE_VERSION "1.12"
| #define PACKAGE_STRING "heat 1.12"
| #define PACKAGE_BUGREPORT "concprogYYYY@list.uva.nl"
| #define PACKAGE_URL ""
| /* end confdefs.h.  */
| #include <stdarg.h>
| #include <stdbool.h>
| #include <stdlib.h>
| #include <wchar.h>
| #include <stdio.h>
| 
| // Check varargs macros.  These examples are taken from C99 6.10.3.5.
| #define debug(...) fprintf (stderr, __VA_ARGS__)
| #define showlist(...) puts (#__VA_ARGS__)
| #define report(test,...) ((test) ? puts (#test) : printf (__VA_ARGS__))
| static void
| test_varargs_macros (void)
| {
|   int x = 1234;
|   int y = 5678;
|   debug ("Flag");
|   debug ("X = %d\n", x);
|   showlist (The first, second, and third items.);
|   report (x>y, "x is %d but y is %d", x, y);
| }
| 
| // Check long long types.
| #define BIG64 18446744073709551615ull
| #define BIG32 4294967295ul
| #define BIG_OK (BIG64 / BIG32 == 4294967297ull && BIG64 % BIG32 == 0)
| #if !BIG_OK
|   your preprocessor is broken;
| #endif
| #if BIG_OK
| #else
|   your preprocessor is broken;
| #endif
| static long long int bignum = -9223372036854775807LL;
| static unsigned long long int ubignum = BIG64;
| 
| struct incomplete_array
| {
|   int datasize;
|   double data[];
| };
| 
| struct named_init {
|   int number;
|   const wchar_t *name;
|   double average;
| };
| 
| typedef const char *ccp;
| 
| static inline int
| test_restrict (ccp restrict text)
| {
|   // See if C++-style comments work.
|   // Iterate through items via the restricted pointer.
|   // Also check for declarations in for loops.
|   for (unsigned int i = 0; *(text+i) != '\0'; ++i)
|     continue;
|   return 0;
| }
| 
| // Check varargs and va_copy.
| static void
| test_varargs (const char *format, ...)
| {
|   va_list args;
|   va_start (args, format);
|   va_list args_copy;
|   va_copy (args_copy, args);
| 
|   const char *str;
|   int number;
|   float fnumber;
| 
|   while (*format)
|     {
|       switch (*format++)
| 	{
| 	case 's': // string
| 	  str = va_arg (args_copy, const char *);
| 	  break;
| 	case 'd': // int
| 	  number = va_arg (args_copy, int);
| 	  break;
| 	case 'f': // float
| 	  fnumber = va_arg (args_copy, double);
| 	  break;
| 	default:
| 	  break;
| 	}
|     }
|   va_end (args_copy);
|   va_end (args);
| }
| 
| int
| main ()
| {
| 
|   // Check bool.
|   _Bool success = false;
| 
|   // Check restrict.
|   if (test_restrict ("String literal") == 0)
|     success = true;
|   char *restrict newvar = "Another string";
| 
|   // Check varargs.
|   test_varargs ("s, d' f .", "string", 65, 34.234);
|   test_varargs_macros ();
| 
|   // Check flexible array members.
|   struct incomplete_array *ia =
|     malloc (sizeof (struct incomplete_array) + (sizeof (double) * 10));
|   ia->datasize = 10;
|   for (int i = 0; i < ia->datasize; ++i)
|     ia->data[i] = i * 1.234;
| 
|   // Check named initializers.
|   struct named_init ni = {
|     .number = 34,
|     .name = L"Test wide string",
|     .average = 543.34343,
|   };
| 
|   ni.number = 58;
| 
|   int dynamic_array[ni.number];
|   dynamic_array[ni.number - 1] = 543;
| 
|   // work around unused variable warnings
|   return (!success || bignum == 0LL || ubignum == 0uLL || newvar[0] == 'x'
| 	  || dynamic_array[ni.number - 1] != 543);
| 
|   ;
|   return 0;
| }
configure:3544: gcc -std=gnu99 -c -g -O2  conftest.c >&5
configure:3544: $? = 0
configure:3564: result: -std=gnu99
configure:3573: checking for an ANSI C-conforming const
configure:3638: gcc -std=gnu99 -c -g -O2  conftest.c >&5
configure:3638: $? = 0
configure:3645: result: yes
configure:3653: checking for C/C++ restrict keyword
configure:3678: gcc -std=gnu99 -c -g -O2  conftest.c >&5
configure:3678: $? = 0
configure:3686: result: __restrict
configure:3699: checking for working volatile
configure:3718: gcc -std=gnu99 -c -g -O2  conftest.c >&5
configure:3718: $? = 0
configure:3725: result: yes
configure:3734: checking for library containing fabs
configure:3765: gcc -std=gnu99 -o conftest -g -O2   conftest.c  >&5
conftest.c:17:6: warning: conflicting types for built-in function 'fabs' [enabled by default]
/tmp/ccfxhZUt.o: In function `main':
/home/jhofman/Desktop/1c2012/CC/heat-10194754/pth/conftest.c:21: undefined reference to `fabs'
collect2: ld returned 1 exit status
configure:3765: $? = 1
configure: failed program was:
| /* confdefs.h */
| #define PACKAGE_NAME "heat"
| #define PACKAGE_TARNAME "heat"
| #define PACKAGE_VERSION "1.12"
| #define PACKAGE_STRING "heat 1.12"
| #define PACKAGE_BUGREPORT "concprogYYYY@list.uva.nl"
| #define PACKAGE_URL ""
| #define restrict __restrict
| /* end confdefs.h.  */
| 
| /* Override any GCC internal prototype to avoid an error.
|    Use char because int might match the return type of a GCC
|    builtin and then its argument prototype would still apply.  */
| #ifdef __cplusplus
| extern "C"
| #endif
| char fabs ();
| int
| main ()
| {
| return fabs ();
|   ;
|   return 0;
| }
configure:3765: gcc -std=gnu99 -o conftest -g -O2   conftest.c -lm   >&5
conftest.c:17:6: warning: conflicting types for built-in function 'fabs' [enabled by default]
configure:3765: $? = 0
configure:3782: result: -lm
configure:3790: checking for library containing fmin
configure:3821: gcc -std=gnu99 -o conftest -g -O2   conftest.c -lm  >&5
conftest.c:17:6: warning: conflicting types for built-in function 'fmin' [enabled by default]
configure:3821: $? = 0
configure:3838: result: none required
configure:3846: checking for library containing fmax
configure:3877: gcc -std=gnu99 -o conftest -g -O2   conftest.c -lm  >&5
conftest.c:17:6: warning: conflicting types for built-in function 'fmax' [enabled by default]
configure:3877: $? = 0
configure:3894: result: none required
configure:3902: checking for library containing sqrt
configure:3933: gcc -std=gnu99 -o conftest -g -O2   conftest.c -lm  >&5
conftest.c:17:6: warning: conflicting types for built-in function 'sqrt' [enabled by default]
configure:3933: $? = 0
configure:3950: result: none required
configure:3976: checking build system type
configure:3990: result: x86_64-unknown-linux-gnu
configure:4010: checking host system type
configure:4023: result: x86_64-unknown-linux-gnu
configure:4208: checking for the pthreads library -lpthreads
configure:4241: gcc -std=gnu99 -o conftest -g -O2 -Wall   -I$(COMMON)  conftest.c -lpthreads -lm  >&5
conftest.c: In function 'main':
conftest.c:15:22: warning: null argument where non-null required (argument 1) [-Wnonnull]
conftest.c:16:22: warning: null argument where non-null required (argument 1) [-Wnonnull]
conftest.c:16:22: warning: null argument where non-null required (argument 3) [-Wnonnull]
conftest.c:14:27: warning: 'th' is used uninitialized in this function [-Wuninitialized]
/usr/bin/ld: cannot find -lpthreads
collect2: ld returned 1 exit status
configure:4241: $? = 1
configure: failed program was:
| /* confdefs.h */
| #define PACKAGE_NAME "heat"
| #define PACKAGE_TARNAME "heat"
| #define PACKAGE_VERSION "1.12"
| #define PACKAGE_STRING "heat 1.12"
| #define PACKAGE_BUGREPORT "concprogYYYY@list.uva.nl"
| #define PACKAGE_URL ""
| #define restrict __restrict
| /* end confdefs.h.  */
| #include <pthread.h>
| int
| main ()
| {
| pthread_t th; pthread_join(th, 0);
|                      pthread_attr_init(0); pthread_cleanup_push(0, 0);
|                      pthread_create(0,0,0,0); pthread_cleanup_pop(0);
|   ;
|   return 0;
| }
configure:4250: result: no
configure:4153: checking whether pthreads work without any flags
configure:4241: gcc -std=gnu99 -o conftest -g -O2 -Wall   -I$(COMMON)  conftest.c  -lm  >&5
conftest.c: In function 'main':
conftest.c:15:22: warning: null argument where non-null required (argument 1) [-Wnonnull]
conftest.c:16:22: warning: null argument where non-null required (argument 1) [-Wnonnull]
conftest.c:16:22: warning: null argument where non-null required (argument 3) [-Wnonnull]
conftest.c:14:27: warning: 'th' is used uninitialized in this function [-Wuninitialized]
/tmp/cco7IKZF.o: In function `main':
/home/jhofman/Desktop/1c2012/CC/heat-10194754/pth/conftest.c:14: undefined reference to `pthread_join'
/home/jhofman/Desktop/1c2012/CC/heat-10194754/pth/conftest.c:15: undefined reference to `__pthread_register_cancel'
/home/jhofman/Desktop/1c2012/CC/heat-10194754/pth/conftest.c:16: undefined reference to `pthread_create'
/home/jhofman/Desktop/1c2012/CC/heat-10194754/pth/conftest.c:16: undefined reference to `__pthread_unregister_cancel'
collect2: ld returned 1 exit status
configure:4241: $? = 1
configure: failed program was:
| /* confdefs.h */
| #define PACKAGE_NAME "heat"
| #define PACKAGE_TARNAME "heat"
| #define PACKAGE_VERSION "1.12"
| #define PACKAGE_STRING "heat 1.12"
| #define PACKAGE_BUGREPORT "concprogYYYY@list.uva.nl"
| #define PACKAGE_URL ""
| #define restrict __restrict
| /* end confdefs.h.  */
| #include <pthread.h>
| int
| main ()
| {
| pthread_t th; pthread_join(th, 0);
|                      pthread_attr_init(0); pthread_cleanup_push(0, 0);
|                      pthread_create(0,0,0,0); pthread_cleanup_pop(0);
|   ;
|   return 0;
| }
configure:4250: result: no
configure:4158: checking whether pthreads work with -Kthread
configure:4241: gcc -std=gnu99 -o conftest -g -O2 -Wall -Kthread  -I$(COMMON)  conftest.c  -lm  >&5
gcc: error: unrecognized option '-Kthread'
configure:4241: $? = 1
configure: failed program was:
| /* confdefs.h */
| #define PACKAGE_NAME "heat"
| #define PACKAGE_TARNAME "heat"
| #define PACKAGE_VERSION "1.12"
| #define PACKAGE_STRING "heat 1.12"
| #define PACKAGE_BUGREPORT "concprogYYYY@list.uva.nl"
| #define PACKAGE_URL ""
| #define restrict __restrict
| /* end confdefs.h.  */
| #include <pthread.h>
| int
| main ()
| {
| pthread_t th; pthread_join(th, 0);
|                      pthread_attr_init(0); pthread_cleanup_push(0, 0);
|                      pthread_create(0,0,0,0); pthread_cleanup_pop(0);
|   ;
|   return 0;
| }
configure:4250: result: no
configure:4158: checking whether pthreads work with -kthread
configure:4241: gcc -std=gnu99 -o conftest -g -O2 -Wall -kthread  -I$(COMMON)  conftest.c  -lm  >&5
gcc: error: unrecognized option '-kthread'
configure:4241: $? = 1
configure: failed program was:
| /* confdefs.h */
| #define PACKAGE_NAME "heat"
| #define PACKAGE_TARNAME "heat"
| #define PACKAGE_VERSION "1.12"
| #define PACKAGE_STRING "heat 1.12"
| #define PACKAGE_BUGREPORT "concprogYYYY@list.uva.nl"
| #define PACKAGE_URL ""
| #define restrict __restrict
| /* end confdefs.h.  */
| #include <pthread.h>
| int
| main ()
| {
| pthread_t th; pthread_join(th, 0);
|                      pthread_attr_init(0); pthread_cleanup_push(0, 0);
|                      pthread_create(0,0,0,0); pthread_cleanup_pop(0);
|   ;
|   return 0;
| }
configure:4250: result: no
configure:4208: checking for the pthreads library -llthread
configure:4241: gcc -std=gnu99 -o conftest -g -O2 -Wall   -I$(COMMON)  conftest.c -llthread -lm  >&5
conftest.c: In function 'main':
conftest.c:15:22: warning: null argument where non-null required (argument 1) [-Wnonnull]
conftest.c:16:22: warning: null argument where non-null required (argument 1) [-Wnonnull]
conftest.c:16:22: warning: null argument where non-null required (argument 3) [-Wnonnull]
conftest.c:14:27: warning: 'th' is used uninitialized in this function [-Wuninitialized]
/usr/bin/ld: cannot find -llthread
collect2: ld returned 1 exit status
configure:4241: $? = 1
configure: failed program was:
| /* confdefs.h */
| #define PACKAGE_NAME "heat"
| #define PACKAGE_TARNAME "heat"
| #define PACKAGE_VERSION "1.12"
| #define PACKAGE_STRING "heat 1.12"
| #define PACKAGE_BUGREPORT "concprogYYYY@list.uva.nl"
| #define PACKAGE_URL ""
| #define restrict __restrict
| /* end confdefs.h.  */
| #include <pthread.h>
| int
| main ()
| {
| pthread_t th; pthread_join(th, 0);
|                      pthread_attr_init(0); pthread_cleanup_push(0, 0);
|                      pthread_create(0,0,0,0); pthread_cleanup_pop(0);
|   ;
|   return 0;
| }
configure:4250: result: no
configure:4158: checking whether pthreads work with -pthread
configure:4241: gcc -std=gnu99 -o conftest -g -O2 -Wall -pthread  -I$(COMMON)  conftest.c  -lm  >&5
conftest.c: In function 'main':
conftest.c:15:22: warning: null argument where non-null required (argument 1) [-Wnonnull]
conftest.c:16:22: warning: null argument where non-null required (argument 1) [-Wnonnull]
conftest.c:16:22: warning: null argument where non-null required (argument 3) [-Wnonnull]
conftest.c:14:27: warning: 'th' is used uninitialized in this function [-Wuninitialized]
configure:4241: $? = 0
configure:4250: result: yes
configure:4269: checking for joinable pthread attribute
configure:4284: gcc -std=gnu99 -o conftest -g -O2 -Wall -pthread  -I$(COMMON)  conftest.c  -lm  >&5
configure:4284: $? = 0
configure:4290: result: PTHREAD_CREATE_JOINABLE
configure:4300: checking if more special flags are required for pthreads
configure:4307: result: no
configure:4526: creating ./config.status

## ---------------- ##
## Cache variables. ##
## ---------------- ##

ac_cv_build=x86_64-unknown-linux-gnu
ac_cv_c_compiler_gnu=yes
ac_cv_c_const=yes
ac_cv_c_restrict=__restrict
ac_cv_c_volatile=yes
ac_cv_env_CC_set=
ac_cv_env_CC_value=
ac_cv_env_CFLAGS_set=
ac_cv_env_CFLAGS_value=
ac_cv_env_CPPFLAGS_set=
ac_cv_env_CPPFLAGS_value=
ac_cv_env_LDFLAGS_set=
ac_cv_env_LDFLAGS_value=
ac_cv_env_LIBS_set=
ac_cv_env_LIBS_value=
ac_cv_env_build_alias_set=
ac_cv_env_build_alias_value=
ac_cv_env_host_alias_set=
ac_cv_env_host_alias_value=
ac_cv_env_target_alias_set=
ac_cv_env_target_alias_value=
ac_cv_host=x86_64-unknown-linux-gnu
ac_cv_objext=o
ac_cv_path_install='/usr/bin/install -c'
ac_cv_path_mkdir=/bin/mkdir
ac_cv_prog_AWK=gawk
ac_cv_prog_ac_ct_CC=gcc
ac_cv_prog_ac_ct_RANLIB=ranlib
ac_cv_prog_cc_c89=
ac_cv_prog_cc_c99=-std=gnu99
ac_cv_prog_cc_g=yes
ac_cv_prog_make_make_set=yes
ac_cv_search_fabs=-lm
ac_cv_search_fmax='none required'
ac_cv_search_fmin='none required'
ac_cv_search_sqrt='none required'
am_cv_CC_dependencies_compiler_type=gcc3

## ----------------- ##
## Output variables. ##
## ----------------- ##

ACLOCAL='${SHELL} /home/jhofman/Desktop/1c2012/CC/heat-10194754/pth/build-aux/missing --run aclocal-1.11'
AMDEPBACKSLASH='\'
AMDEP_FALSE='#'
AMDEP_TRUE=''
AMTAR='${SHELL} /home/jhofman/Desktop/1c2012/CC/heat-10194754/pth/build-aux/missing --run tar'
AUTOCONF='${SHELL} /home/jhofman/Desktop/1c2012/CC/heat-10194754/pth/build-aux/missing --run autoconf -f'
AUTOHEADER='${SHELL} /home/jhofman/Desktop/1c2012/CC/heat-10194754/pth/build-aux/missing --run autoheader'
AUTOMAKE='${SHELL} /home/jhofman/Desktop/1c2012/CC/heat-10194754/pth/build-aux/missing --run automake-1.11'
AWK='gawk'
CC='gcc -std=gnu99'
CCDEPMODE='depmode=gcc3'
CFLAGS='-g -O2 -Wall -pthread'
COMMON='$(srcdir)/../src'
CPPFLAGS=' -I$(COMMON)'
CYGPATH_W='echo'
DEFS='-DHAVE_CONFIG_H'
DEPDIR='.deps'
ECHO_C=''
ECHO_N='-n'
ECHO_T=''
EXEEXT=''
INSTALL_DATA='${INSTALL} -m 644'
INSTALL_PROGRAM='${INSTALL}'
INSTALL_SCRIPT='${INSTALL}'
INSTALL_STRIP_PROGRAM='$(install_sh) -c -s'
LDFLAGS=''
LIBOBJS=''
LIBS=' -lm '
LTLIBOBJS=''
MAKEINFO='${SHELL} /home/jhofman/Desktop/1c2012/CC/heat-10194754/pth/build-aux/missing --run makeinfo'
MKDIR_P='/bin/mkdir -p'
OBJEXT='o'
PACKAGE='heat'
PACKAGE_BUGREPORT='concprogYYYY@list.uva.nl'
PACKAGE_NAME='heat'
PACKAGE_STRING='heat 1.12'
PACKAGE_TARNAME='heat'
PACKAGE_URL=''
PACKAGE_VERSION='1.12'
PATH_SEPARATOR=':'
PTHREAD_CC='gcc -std=gnu99'
PTHREAD_CFLAGS='-pthread'
PTHREAD_LIBS=''
RANLIB='ranlib'
SET_MAKE=''
SHELL='/bin/bash'
STRIP=''
VERSION='1.12'
ac_ct_CC='gcc'
am__EXEEXT_FALSE=''
am__EXEEXT_TRUE='#'
am__fastdepCC_FALSE='#'
am__fastdepCC_TRUE=''
am__include='include'
am__isrc=''
am__leading_dot='.'
am__quote=''
am__tar='${AMTAR} chof - "$$tardir"'
am__untar='${AMTAR} xf -'
ax_pthread_config=''
bindir='${exec_prefix}/bin'
build='x86_64-unknown-linux-gnu'
build_alias=''
build_cpu='x86_64'
build_os='linux-gnu'
build_vendor='unknown'
datadir='${datarootdir}'
datarootdir='${prefix}/share'
docdir='${datarootdir}/doc/${PACKAGE_TARNAME}'
dvidir='${docdir}'
exec_prefix='${prefix}'
host='x86_64-unknown-linux-gnu'
host_alias=''
host_cpu='x86_64'
host_os='linux-gnu'
host_vendor='unknown'
htmldir='${docdir}'
includedir='${prefix}/include'
infodir='${datarootdir}/info'
install_sh='${SHELL} /home/jhofman/Desktop/1c2012/CC/heat-10194754/pth/build-aux/install-sh'
libdir='${exec_prefix}/lib'
libexecdir='${exec_prefix}/libexec'
localedir='${datarootdir}/locale'
localstatedir='${prefix}/var'
mandir='${datarootdir}/man'
mkdir_p='/bin/mkdir -p'
oldincludedir='/usr/include'
pdfdir='${docdir}'
prefix='/usr/local'
program_transform_name='s,x,x,'
psdir='${docdir}'
sbindir='${exec_prefix}/sbin'
sharedstatedir='${prefix}/com'
sysconfdir='${prefix}/etc'
target_alias=''

## ----------- ##
## confdefs.h. ##
## ----------- ##

/* confdefs.h */
#define PACKAGE_NAME "heat"
#define PACKAGE_TARNAME "heat"
#define PACKAGE_VERSION "1.12"
#define PACKAGE_STRING "heat 1.12"
#define PACKAGE_BUGREPORT "concprogYYYY@list.uva.nl"
#define PACKAGE_URL ""
#define restrict __restrict
#define HAVE_PTHREAD 1

configure: exit 0

## ---------------------- ##
## Running config.status. ##
## ---------------------- ##

This file was extended by heat config.status 1.12, which was
generated by GNU Autoconf 2.68.  Invocation command line was

  CONFIG_FILES    = 
  CONFIG_HEADERS  = 
  CONFIG_LINKS    = 
  CONFIG_COMMANDS = 
  $ ./config.status 

on JHofmanPC

config.status:860: creating Makefile
config.status:860: creating config.h
config.status:1041: config.h is unchanged
config.status:1089: executing depfiles commands

## ---------------------- ##
## Running config.status. ##
## ---------------------- ##

This file was extended by heat config.status 1.12, which was
generated by GNU Autoconf 2.68.  Invocation command line was

  CONFIG_FILES    = 
  CONFIG_HEADERS  = 
  CONFIG_LINKS    = 
  CONFIG_COMMANDS = 
  $ ./config.status config.h

on JHofmanPC

config.status:860: creating config.h
config.status:1041: config.h is unchanged
