This file contains any messages produced by compilers while
running configure, to aid debugging if configure makes a mistake.

It was created by heat configure 1.12, which was
generated by GNU Autoconf 2.68.  Invocation command line was

  $ ./configure --no-create --no-recursion

## --------- ##
## Platform. ##
## --------- ##

hostname = JHofmanPC
uname -m = x86_64
uname -r = 3.0.0-16-generic
uname -s = Linux
uname -v = #28-Ubuntu SMP Fri Jan 27 17:44:39 UTC 2012

/usr/bin/uname -p = unknown
/bin/uname -X     = unknown

/bin/arch              = unknown
/usr/bin/arch -k       = unknown
/usr/convex/getsysinfo = unknown
/usr/bin/hostinfo      = unknown
/bin/machine           = unknown
/usr/bin/oslevel       = unknown
/bin/universe          = unknown

PATH: /usr/lib/lightdm/lightdm
PATH: /usr/local/sbin
PATH: /usr/local/bin
PATH: /usr/sbin
PATH: /usr/bin
PATH: /sbin
PATH: /bin
PATH: /usr/games


## ----------- ##
## Core tests. ##
## ----------- ##

configure:1727: checking for a BSD-compatible install
configure:1795: result: /usr/bin/install -c
configure:1806: checking whether build environment is sane
configure:1856: result: yes
configure:1997: checking for a thread-safe mkdir -p
configure:2036: result: /bin/mkdir -p
configure:2049: checking for gawk
configure:2065: found /usr/bin/gawk
configure:2076: result: gawk
configure:2087: checking whether make sets $(MAKE)
configure:2109: result: yes
configure:2188: checking for convert
configure:2204: found /usr/bin/convert
configure:2216: result: convert
configure:2393: creating ./config.status

## ---------------- ##
## Cache variables. ##
## ---------------- ##

ac_cv_env_build_alias_set=
ac_cv_env_build_alias_value=
ac_cv_env_host_alias_set=
ac_cv_env_host_alias_value=
ac_cv_env_target_alias_set=
ac_cv_env_target_alias_value=
ac_cv_path_install='/usr/bin/install -c'
ac_cv_path_mkdir=/bin/mkdir
ac_cv_prog_AWK=gawk
ac_cv_prog_CONVERT=convert
ac_cv_prog_make_make_set=yes

## ----------------- ##
## Output variables. ##
## ----------------- ##

ACLOCAL='${SHELL} /home/jhofman/Desktop/1c2012/CC/heat-10194754/build-aux/missing --run aclocal-1.11'
AMTAR='${SHELL} /home/jhofman/Desktop/1c2012/CC/heat-10194754/build-aux/missing --run tar'
AUTOCONF='${SHELL} /home/jhofman/Desktop/1c2012/CC/heat-10194754/build-aux/missing --run autoconf -f'
AUTOHEADER='${SHELL} /home/jhofman/Desktop/1c2012/CC/heat-10194754/build-aux/missing --run autoheader'
AUTOMAKE='${SHELL} /home/jhofman/Desktop/1c2012/CC/heat-10194754/build-aux/missing --run automake-1.11'
AWK='gawk'
CONVERT='convert'
CYGPATH_W='echo'
DEFS='-DPACKAGE_NAME=\"heat\" -DPACKAGE_TARNAME=\"heat\" -DPACKAGE_VERSION=\"1.12\" -DPACKAGE_STRING=\"heat\ 1.12\" -DPACKAGE_BUGREPORT=\"concprogYYYY@list.uva.nl\" -DPACKAGE_URL=\"\"'
ECHO_C=''
ECHO_N='-n'
ECHO_T=''
HAVE_CONVERT_FALSE='#'
HAVE_CONVERT_TRUE=''
INSTALL_DATA='${INSTALL} -m 644'
INSTALL_PROGRAM='${INSTALL}'
INSTALL_SCRIPT='${INSTALL}'
INSTALL_STRIP_PROGRAM='$(install_sh) -c -s'
LIBOBJS=''
LIBS=''
LTLIBOBJS=''
MAKEINFO='${SHELL} /home/jhofman/Desktop/1c2012/CC/heat-10194754/build-aux/missing --run makeinfo'
MKDIR_P='/bin/mkdir -p'
PACKAGE='heat'
PACKAGE_BUGREPORT='concprogYYYY@list.uva.nl'
PACKAGE_NAME='heat'
PACKAGE_STRING='heat 1.12'
PACKAGE_TARNAME='heat'
PACKAGE_URL=''
PACKAGE_VERSION='1.12'
PATH_SEPARATOR=':'
SET_MAKE=''
SHELL='/bin/bash'
STRIP=''
VERSION='1.12'
am__isrc=''
am__leading_dot='.'
am__tar='${AMTAR} chof - "$$tardir"'
am__untar='${AMTAR} xf -'
bindir='${exec_prefix}/bin'
build_alias=''
datadir='${datarootdir}'
datarootdir='${prefix}/share'
docdir='${datarootdir}/doc/${PACKAGE_TARNAME}'
dvidir='${docdir}'
exec_prefix='${prefix}'
host_alias=''
htmldir='${docdir}'
includedir='${prefix}/include'
infodir='${datarootdir}/info'
install_sh='${SHELL} /home/jhofman/Desktop/1c2012/CC/heat-10194754/build-aux/install-sh'
libdir='${exec_prefix}/lib'
libexecdir='${exec_prefix}/libexec'
localedir='${datarootdir}/locale'
localstatedir='${prefix}/var'
mandir='${datarootdir}/man'
mkdir_p='/bin/mkdir -p'
oldincludedir='/usr/include'
pdfdir='${docdir}'
prefix='/usr/local'
program_transform_name='s,x,x,'
psdir='${docdir}'
sbindir='${exec_prefix}/sbin'
sharedstatedir='${prefix}/com'
subdirs=' seq pth omp mpi'
sysconfdir='${prefix}/etc'
target_alias=''

## ----------- ##
## confdefs.h. ##
## ----------- ##

/* confdefs.h */
#define PACKAGE_NAME "heat"
#define PACKAGE_TARNAME "heat"
#define PACKAGE_VERSION "1.12"
#define PACKAGE_STRING "heat 1.12"
#define PACKAGE_BUGREPORT "concprogYYYY@list.uva.nl"
#define PACKAGE_URL ""

configure: exit 0

## ---------------------- ##
## Running config.status. ##
## ---------------------- ##

This file was extended by heat config.status 1.12, which was
generated by GNU Autoconf 2.68.  Invocation command line was

  CONFIG_FILES    = 
  CONFIG_HEADERS  = 
  CONFIG_LINKS    = 
  CONFIG_COMMANDS = 
  $ ./config.status 

on JHofmanPC

config.status:754: creating Makefile
